<?xml version="1.0" encoding="UTF-8"?>
<testng-results skipped="0" failed="0" ignored="0" total="1" passed="1">
  <reporter-output>
  </reporter-output>
  <suite name="Suite" duration-ms="29181" started-at="2021-08-16T14:56:25Z" finished-at="2021-08-16T14:56:54Z">
    <groups>
    </groups>
    <test name="Test" duration-ms="29181" started-at="2021-08-16T14:56:25Z" finished-at="2021-08-16T14:56:54Z">
      <class name="p1.Demo2">
        <test-method status="PASS" signature="test()[pri:0, instance:p1.Demo2@4df50bcc]" name="test" duration-ms="29127" started-at="2021-08-16T14:56:25Z" finished-at="2021-08-16T14:56:54Z">
          <reporter-output>
          </reporter-output>
        </test-method> <!-- test -->
      </class> <!-- p1.Demo2 -->
    </test> <!-- Test -->
  </suite> <!-- Suite -->
</testng-results>
